Determining if the pthread_create exist failed with the following output:
Change Dir: /media/cowcow/Data/Seafile/Graduate Research/Projects/Method for Point Cloud Generation Using Array(s) of Commodity Cameras/PCGUACC-0.0.2/StereoPointCloudGenerator/SPCG-0.0.1/build/CMakeFiles/CMakeTmp

Run Build Command:"/usr/bin/make" "cmTC_8b507/fast"
/usr/bin/make -f CMakeFiles/cmTC_8b507.dir/build.make CMakeFiles/cmTC_8b507.dir/build
make[1]: Entering directory '/media/cowcow/Data/Seafile/Graduate Research/Projects/Method for Point Cloud Generation Using Array(s) of Commodity Cameras/PCGUACC-0.0.2/StereoPointCloudGenerator/SPCG-0.0.1/build/CMakeFiles/CMakeTmp'
Building C object CMakeFiles/cmTC_8b507.dir/CheckSymbolExists.c.o
/usr/bin/cc     -o CMakeFiles/cmTC_8b507.dir/CheckSymbolExists.c.o   -c "/media/cowcow/Data/Seafile/Graduate Research/Projects/Method for Point Cloud Generation Using Array(s) of Commodity Cameras/PCGUACC-0.0.2/StereoPointCloudGenerator/SPCG-0.0.1/build/CMakeFiles/CMakeTmp/CheckSymbolExists.c"
Linking C executable cmTC_8b507
/usr/bin/cmake -E cmake_link_script CMakeFiles/cmTC_8b507.dir/link.txt --verbose=1
/usr/bin/cc       CMakeFiles/cmTC_8b507.dir/CheckSymbolExists.c.o  -o cmTC_8b507 -rdynamic 
CMakeFiles/cmTC_8b507.dir/CheckSymbolExists.c.o: In function `main':
CheckSymbolExists.c:(.text+0x16): undefined reference to `pthread_create'
collect2: error: ld returned 1 exit status
CMakeFiles/cmTC_8b507.dir/build.make:97: recipe for target 'cmTC_8b507' failed
make[1]: *** [cmTC_8b507] Error 1
make[1]: Leaving directory '/media/cowcow/Data/Seafile/Graduate Research/Projects/Method for Point Cloud Generation Using Array(s) of Commodity Cameras/PCGUACC-0.0.2/StereoPointCloudGenerator/SPCG-0.0.1/build/CMakeFiles/CMakeTmp'
Makefile:126: recipe for target 'cmTC_8b507/fast' failed
make: *** [cmTC_8b507/fast] Error 2

File /media/cowcow/Data/Seafile/Graduate Research/Projects/Method for Point Cloud Generation Using Array(s) of Commodity Cameras/PCGUACC-0.0.2/StereoPointCloudGenerator/SPCG-0.0.1/build/CMakeFiles/CMakeTmp/CheckSymbolExists.c:
/* */
#include <pthread.h>

int main(int argc, char** argv)
{
  (void)argv;
#ifndef pthread_create
  return ((int*)(&pthread_create))[argc];
#else
  (void)argc;
  return 0;
#endif
}

Determining if the function pthread_create exists in the pthreads failed with the following output:
Change Dir: /media/cowcow/Data/Seafile/Graduate Research/Projects/Method for Point Cloud Generation Using Array(s) of Commodity Cameras/PCGUACC-0.0.2/StereoPointCloudGenerator/SPCG-0.0.1/build/CMakeFiles/CMakeTmp

Run Build Command:"/usr/bin/make" "cmTC_69e0a/fast"
/usr/bin/make -f CMakeFiles/cmTC_69e0a.dir/build.make CMakeFiles/cmTC_69e0a.dir/build
make[1]: Entering directory '/media/cowcow/Data/Seafile/Graduate Research/Projects/Method for Point Cloud Generation Using Array(s) of Commodity Cameras/PCGUACC-0.0.2/StereoPointCloudGenerator/SPCG-0.0.1/build/CMakeFiles/CMakeTmp'
Building C object CMakeFiles/cmTC_69e0a.dir/CheckFunctionExists.c.o
/usr/bin/cc    -DCHECK_FUNCTION_EXISTS=pthread_create   -o CMakeFiles/cmTC_69e0a.dir/CheckFunctionExists.c.o   -c /usr/share/cmake-3.5/Modules/CheckFunctionExists.c
Linking C executable cmTC_69e0a
/usr/bin/cmake -E cmake_link_script CMakeFiles/cmTC_69e0a.dir/link.txt --verbose=1
/usr/bin/cc   -DCHECK_FUNCTION_EXISTS=pthread_create    CMakeFiles/cmTC_69e0a.dir/CheckFunctionExists.c.o  -o cmTC_69e0a -rdynamic -lpthreads 
/usr/bin/ld: cannot find -lpthreads
collect2: error: ld returned 1 exit status
CMakeFiles/cmTC_69e0a.dir/build.make:97: recipe for target 'cmTC_69e0a' failed
make[1]: *** [cmTC_69e0a] Error 1
make[1]: Leaving directory '/media/cowcow/Data/Seafile/Graduate Research/Projects/Method for Point Cloud Generation Using Array(s) of Commodity Cameras/PCGUACC-0.0.2/StereoPointCloudGenerator/SPCG-0.0.1/build/CMakeFiles/CMakeTmp'
Makefile:126: recipe for target 'cmTC_69e0a/fast' failed
make: *** [cmTC_69e0a/fast] Error 2


