Determining if the pthread_create exist failed with the following output:
Change Dir: /media/cowcow/Data/Seafile/Graduate Research/Projects/Point Cloud Generation Using Arrays of Commodity Cameras/PCGUACC-0.0.2/Point Cloud Registration Using Distance Geometry/PCRUDG-0.0.2/build/CMakeFiles/CMakeTmp

Run Build Command:"/usr/bin/make" "cmTC_4c970/fast"
/usr/bin/make -f CMakeFiles/cmTC_4c970.dir/build.make CMakeFiles/cmTC_4c970.dir/build
make[1]: Entering directory '/media/cowcow/Data/Seafile/Graduate Research/Projects/Point Cloud Generation Using Arrays of Commodity Cameras/PCGUACC-0.0.2/Point Cloud Registration Using Distance Geometry/PCRUDG-0.0.2/build/CMakeFiles/CMakeTmp'
Building C object CMakeFiles/cmTC_4c970.dir/CheckSymbolExists.c.o
/usr/bin/cc     -o CMakeFiles/cmTC_4c970.dir/CheckSymbolExists.c.o   -c "/media/cowcow/Data/Seafile/Graduate Research/Projects/Point Cloud Generation Using Arrays of Commodity Cameras/PCGUACC-0.0.2/Point Cloud Registration Using Distance Geometry/PCRUDG-0.0.2/build/CMakeFiles/CMakeTmp/CheckSymbolExists.c"
Linking C executable cmTC_4c970
/usr/bin/cmake -E cmake_link_script CMakeFiles/cmTC_4c970.dir/link.txt --verbose=1
/usr/bin/cc       CMakeFiles/cmTC_4c970.dir/CheckSymbolExists.c.o  -o cmTC_4c970 -rdynamic 
CMakeFiles/cmTC_4c970.dir/CheckSymbolExists.c.o: In function `main':
CheckSymbolExists.c:(.text+0x16): undefined reference to `pthread_create'
collect2: error: ld returned 1 exit status
CMakeFiles/cmTC_4c970.dir/build.make:97: recipe for target 'cmTC_4c970' failed
make[1]: *** [cmTC_4c970] Error 1
make[1]: Leaving directory '/media/cowcow/Data/Seafile/Graduate Research/Projects/Point Cloud Generation Using Arrays of Commodity Cameras/PCGUACC-0.0.2/Point Cloud Registration Using Distance Geometry/PCRUDG-0.0.2/build/CMakeFiles/CMakeTmp'
Makefile:126: recipe for target 'cmTC_4c970/fast' failed
make: *** [cmTC_4c970/fast] Error 2

File /media/cowcow/Data/Seafile/Graduate Research/Projects/Point Cloud Generation Using Arrays of Commodity Cameras/PCGUACC-0.0.2/Point Cloud Registration Using Distance Geometry/PCRUDG-0.0.2/build/CMakeFiles/CMakeTmp/CheckSymbolExists.c:
/* */
#include <pthread.h>

int main(int argc, char** argv)
{
  (void)argv;
#ifndef pthread_create
  return ((int*)(&pthread_create))[argc];
#else
  (void)argc;
  return 0;
#endif
}

Determining if the function pthread_create exists in the pthreads failed with the following output:
Change Dir: /media/cowcow/Data/Seafile/Graduate Research/Projects/Point Cloud Generation Using Arrays of Commodity Cameras/PCGUACC-0.0.2/Point Cloud Registration Using Distance Geometry/PCRUDG-0.0.2/build/CMakeFiles/CMakeTmp

Run Build Command:"/usr/bin/make" "cmTC_be3e3/fast"
/usr/bin/make -f CMakeFiles/cmTC_be3e3.dir/build.make CMakeFiles/cmTC_be3e3.dir/build
make[1]: Entering directory '/media/cowcow/Data/Seafile/Graduate Research/Projects/Point Cloud Generation Using Arrays of Commodity Cameras/PCGUACC-0.0.2/Point Cloud Registration Using Distance Geometry/PCRUDG-0.0.2/build/CMakeFiles/CMakeTmp'
Building C object CMakeFiles/cmTC_be3e3.dir/CheckFunctionExists.c.o
/usr/bin/cc    -DCHECK_FUNCTION_EXISTS=pthread_create   -o CMakeFiles/cmTC_be3e3.dir/CheckFunctionExists.c.o   -c /usr/share/cmake-3.5/Modules/CheckFunctionExists.c
Linking C executable cmTC_be3e3
/usr/bin/cmake -E cmake_link_script CMakeFiles/cmTC_be3e3.dir/link.txt --verbose=1
/usr/bin/cc   -DCHECK_FUNCTION_EXISTS=pthread_create    CMakeFiles/cmTC_be3e3.dir/CheckFunctionExists.c.o  -o cmTC_be3e3 -rdynamic -lpthreads 
/usr/bin/ld: cannot find -lpthreads
collect2: error: ld returned 1 exit status
CMakeFiles/cmTC_be3e3.dir/build.make:97: recipe for target 'cmTC_be3e3' failed
make[1]: *** [cmTC_be3e3] Error 1
make[1]: Leaving directory '/media/cowcow/Data/Seafile/Graduate Research/Projects/Point Cloud Generation Using Arrays of Commodity Cameras/PCGUACC-0.0.2/Point Cloud Registration Using Distance Geometry/PCRUDG-0.0.2/build/CMakeFiles/CMakeTmp'
Makefile:126: recipe for target 'cmTC_be3e3/fast' failed
make: *** [cmTC_be3e3/fast] Error 2


